<?xml version="1.0" encoding="UTF-8"?>
<!-- Generated by org.testng.reporters.JUnitXMLReporter -->
<testsuite hostname="AndresLaptop" ignored="2" name="Surefire test" tests="2" failures="0" timestamp="2023-02-19T12:32:49 ICT" time="27.001" errors="0">
  <testcase name="testBuyItemSuccessful" time="16.159" classname="Test.BuyItemTest"/>
  <testcase name="testLoginPage" time="9.764" classname="Test.LoginPageTest"/>
  <testcase name="@AfterTest quitSession" time="0.0" classname="TestFlow.BaseTest">
    <ignored/>
  </testcase> <!-- @AfterTest quitSession -->
  <testcase name="@BeforeTest initDriverSession" time="0.0" classname="TestFlow.BaseTest">
    <ignored/>
  </testcase> <!-- @BeforeTest initDriverSession -->
</testsuite> <!-- Surefire test -->
