<?xml version="1.0" encoding="UTF-8"?>
<testng-results skipped="0" failed="0" ignored="0" total="1" passed="1">
  <reporter-output>
  </reporter-output>
  <suite name="Surefire suite" duration-ms="9354" started-at="2023-02-28T00:38:34 ICT" finished-at="2023-02-28T00:38:44 ICT">
    <groups>
      <group name="cucumber">
        <method signature="AbstractTestNGCucumberTests.runScenario(io.cucumber.testng.PickleWrapper,io.cucumber.testng.FeatureWrapper)[pri:0, instance:Runner.LoginPageRunnerRegression@28eaa59a]" name="runScenario" class="io.cucumber.testng.AbstractTestNGCucumberTests"/>
      </group> <!-- cucumber -->
    </groups>
    <test name="Surefire test" duration-ms="9354" started-at="2023-02-28T00:38:34 ICT" finished-at="2023-02-28T00:38:44 ICT">
      <class name="Runner.LoginPageRunnerRegression">
        <test-method status="PASS" signature="setUpClass(org.testng.ITestContext)[pri:0, instance:Runner.LoginPageRunnerRegression@28eaa59a]" name="setUpClass" is-config="true" duration-ms="1022" started-at="2023-02-28T00:38:34 ICT" finished-at="2023-02-28T00:38:35 ICT">
          <params>
            <param index="0">
              <value>
                <![CDATA[org.testng.TestRunner@26c47874]]>
              </value>
            </param>
          </params>
          <reporter-output>
          </reporter-output>
        </test-method> <!-- setUpClass -->
        <test-method status="PASS" signature="runScenario(io.cucumber.testng.PickleWrapper,io.cucumber.testng.FeatureWrapper)[pri:0, instance:Runner.LoginPageRunnerRegression@28eaa59a]" name="runScenario" duration-ms="8076" started-at="2023-02-28T00:38:35 ICT" description="Runs Cucumber Scenarios" data-provider="scenarios" finished-at="2023-02-28T00:38:43 ICT">
          <params>
            <param index="0">
              <value>
                <![CDATA["Test the login page when input correct values"]]>
              </value>
            </param>
            <param index="1">
              <value>
                <![CDATA["Login Feature"]]>
              </value>
            </param>
          </params>
          <reporter-output>
          </reporter-output>
        </test-method> <!-- runScenario -->
        <test-method status="PASS" signature="tearDownClass()[pri:0, instance:Runner.LoginPageRunnerRegression@28eaa59a]" name="tearDownClass" is-config="true" duration-ms="58" started-at="2023-02-28T00:38:44 ICT" finished-at="2023-02-28T00:38:44 ICT">
          <reporter-output>
          </reporter-output>
        </test-method> <!-- tearDownClass -->
      </class> <!-- Runner.LoginPageRunnerRegression -->
    </test> <!-- Surefire test -->
  </suite> <!-- Surefire suite -->
</testng-results>
